<?xml version="1.0" encoding="UTF-8"?>
<testsuite name="PositiveTest" tests="1" skipped="0" failures="1" errors="0" timestamp="2026-02-18T21:15:18.473Z" hostname="DESKTOP-A8CGM4F" time="0.012">
  <properties/>
  <testcase name="goToPracticeForm()" classname="PositiveTest" time="0.012">
    <failure message="java.lang.IllegalStateException: No webdriver is bound to current thread: 1. You need to call open(url) first." type="java.lang.IllegalStateException">java.lang.IllegalStateException: No webdriver is bound to current thread: 1. You need to call open(url) first.
	at com.codeborne.selenide.WebDriverThreadLocalContainer.lambda$currentThreadDriver$1(WebDriverThreadLocalContainer.java:162)
	at java.base/java.util.Optional.orElseThrow(Optional.java:403)
	at com.codeborne.selenide.WebDriverThreadLocalContainer.currentThreadDriver(WebDriverThreadLocalContainer.java:161)
	at com.codeborne.selenide.WebDriverThreadLocalContainer.getWebDriver(WebDriverThreadLocalContainer.java:123)
	at com.codeborne.selenide.WebDriverRunner.getWebDriver(WebDriverRunner.java:86)
	at com.codeborne.selenide.StaticDriver.getWebDriver(StaticDriver.java:34)
	at com.codeborne.selenide.impl.WebElementSelector.getSearchContext(WebElementSelector.java:49)
	at com.codeborne.selenide.impl.WebElementSelector.findElement(WebElementSelector.java:34)
	at com.codeborne.selenide.impl.WebElementSelector.findElement(WebElementSelector.java:29)
	at com.codeborne.selenide.impl.ElementFinder.getWebElement(ElementFinder.java:113)
	at com.codeborne.selenide.impl.WebElementSource.checkConditionAndReturnElement(WebElementSource.java:112)
	at com.codeborne.selenide.impl.WebElementSource.findAndAssertElementIsEditable(WebElementSource.java:178)
	at com.codeborne.selenide.commands.SetValue.setValueForTextInput(SetValue.java:52)
	at com.codeborne.selenide.commands.SetValue.execute(SetValue.java:38)
	at com.codeborne.selenide.FluentCommand.execute(FluentCommand.java:27)
	at com.codeborne.selenide.FluentCommand.execute(FluentCommand.java:19)
	at com.codeborne.selenide.commands.Commands.execute(Commands.java:161)
	at com.codeborne.selenide.impl.SelenideElementProxy.dispatchAndRetry(SelenideElementProxy.java:138)
	at com.codeborne.selenide.impl.SelenideElementProxy.invoke(SelenideElementProxy.java:90)
	at jdk.proxy3/jdk.proxy3.$Proxy14.setValue(Unknown Source)
	at pages.CalendarComponent.&lt;init&gt;(CalendarComponent.java:14)
	at PositiveTest.&lt;init&gt;(PositiveTest.java:30)
	at java.base/java.lang.reflect.Constructor.newInstanceWithCaller(Constructor.java:502)
	at java.base/java.lang.reflect.Constructor.newInstance(Constructor.java:486)
	at java.base/java.util.Optional.orElseGet(Optional.java:364)
	at java.base/java.util.ArrayList.forEach(ArrayList.java:1596)
	at java.base/java.util.ArrayList.forEach(ArrayList.java:1596)
</failure>
  </testcase>
  <system-out><![CDATA[]]></system-out>
  <system-err><![CDATA[]]></system-err>
</testsuite>
